{"/Users/etros/Documents/Trybe/trybe-exercises/fundamentos/bloco-8/dia-4/src/exercise1.js": {"path":"/Users/etros/Documents/Trybe/trybe-exercises/fundamentos/bloco-8/dia-4/src/exercise1.js","statementMap":{"0":{"start":{"line":4,"column":15},"end":{"line":8,"column":1}},"1":{"start":{"line":10,"column":18},"end":{"line":10,"column":79}},"2":{"start":{"line":10,"column":34},"end":{"line":10,"column":79}},"3":{"start":{"line":13,"column":2},"end":{"line":13,"column":38}},"4":{"start":{"line":16,"column":0},"end":{"line":16,"column":40}}},"fnMap":{"0":{"name":"(anonymous_0)","decl":{"start":{"line":10,"column":18},"end":{"line":10,"column":19}},"loc":{"start":{"line":10,"column":34},"end":{"line":10,"column":79}},"line":10},"1":{"name":"flatten","decl":{"start":{"line":12,"column":9},"end":{"line":12,"column":16}},"loc":{"start":{"line":12,"column":19},"end":{"line":14,"column":1}},"line":12}},"branchMap":{"0":{"loc":{"start":{"line":10,"column":34},"end":{"line":10,"column":79}},"type":"cond-expr","locations":[{"start":{"line":10,"column":55},"end":{"line":10,"column":72}},{"start":{"line":10,"column":75},"end":{"line":10,"column":79}}],"line":10}},"s":{"0":1,"1":1,"2":8,"3":1,"4":1},"f":{"0":8,"1":1},"b":{"0":[7,1]},"_coverageSchema":"1a1c01bbd47fc00a2c39e90264f33305004495a9","hash":"b624e42b55d0c394381b871a74a0b5e6c6854081"}
}
