<?xml version="1.0" encoding="UTF-8"?>
<coverage generated="1664289459871" clover="3.2.0">
  <project timestamp="1664289459871" name="All files">
    <metrics statements="5" coveredstatements="4" conditionals="0" coveredconditionals="0" methods="5" coveredmethods="3" elements="10" coveredelements="7" complexity="0" loc="5" ncloc="5" packages="1" files="1" classes="1"/>
    <file name="exercise1.js" path="/Users/etros/Documents/Trybe/trybe-exercises/fundamentos/bloco-8/dia-3/src/exercise1.js">
      <metrics statements="5" coveredstatements="4" conditionals="0" coveredconditionals="0" methods="5" coveredmethods="3"/>
      <line num="1" count="1" type="stmt"/>
      <line num="66" count="30" type="stmt"/>
      <line num="71" count="0" type="stmt"/>
      <line num="75" count="5" type="stmt"/>
      <line num="80" count="1" type="stmt"/>
    </file>
  </project>
</coverage>
