{"/Users/etros/Documents/Trybe/trybe-exercises/fundamentos/bloco-8/dia-3/src/exercise1.js": {"path":"/Users/etros/Documents/Trybe/trybe-exercises/fundamentos/bloco-8/dia-3/src/exercise1.js","statementMap":{"0":{"start":{"line":1,"column":14},"end":{"line":62,"column":1}},"1":{"start":{"line":66,"column":2},"end":{"line":66,"column":83}},"2":{"start":{"line":66,"column":29},"end":{"line":66,"column":81}},"3":{"start":{"line":71,"column":2},"end":{"line":71,"column":33}},"4":{"start":{"line":75,"column":16},"end":{"line":75,"column":120}},"5":{"start":{"line":75,"column":37},"end":{"line":75,"column":118}},"6":{"start":{"line":80,"column":0},"end":{"line":80,"column":51}}},"fnMap":{"0":{"name":"formatedBookNames","decl":{"start":{"line":65,"column":9},"end":{"line":65,"column":26}},"loc":{"start":{"line":65,"column":29},"end":{"line":67,"column":1}},"line":65},"1":{"name":"(anonymous_1)","decl":{"start":{"line":66,"column":19},"end":{"line":66,"column":20}},"loc":{"start":{"line":66,"column":29},"end":{"line":66,"column":81}},"line":66},"2":{"name":"countAge","decl":{"start":{"line":70,"column":9},"end":{"line":70,"column":17}},"loc":{"start":{"line":70,"column":42},"end":{"line":72,"column":1}},"line":70},"3":{"name":"nameAndAge","decl":{"start":{"line":74,"column":9},"end":{"line":74,"column":19}},"loc":{"start":{"line":74,"column":22},"end":{"line":76,"column":1}},"line":74},"4":{"name":"(anonymous_4)","decl":{"start":{"line":75,"column":26},"end":{"line":75,"column":27}},"loc":{"start":{"line":75,"column":37},"end":{"line":75,"column":118}},"line":75}},"branchMap":{},"s":{"0":1,"1":5,"2":30,"3":0,"4":5,"5":0,"6":1},"f":{"0":5,"1":30,"2":0,"3":5,"4":0},"b":{},"_coverageSchema":"1a1c01bbd47fc00a2c39e90264f33305004495a9","hash":"cb9f0441d73d9980c9f9342b0d575f0c0ad5ea4e"}
}
